==============================================================
File generated by Vivado(TM) HLS - High-Level Synthesis from C, C++ and SystemC
Version: 2018.2
Copyright (C) 1986-2018 Xilinx, Inc. All Rights Reserved.

==============================================================

INFO: [SYN 201-201] Setting up clock 'default' with a period of 10ns.
INFO: [HLS 200-10] Setting target device to 'xa7a12tcsg325-1q'
INFO: [HLS 200-10] Analyzing design file 'Mul/new_sparse(s3).c' ... 
INFO: [HLS 200-111] Finished Linking Time (s): cpu = 00:00:01 ; elapsed = 00:00:13 . Memory (MB): peak = 101.203 ; gain = 45.484
INFO: [HLS 200-111] Finished Checking Pragmas Time (s): cpu = 00:00:01 ; elapsed = 00:00:13 . Memory (MB): peak = 101.203 ; gain = 45.484
INFO: [HLS 200-10] Starting code transformations ...
INFO: [HLS 200-111] Finished Standard Transforms Time (s): cpu = 00:00:01 ; elapsed = 00:00:14 . Memory (MB): peak = 102.102 ; gain = 46.383
INFO: [HLS 200-10] Checking synthesizability ...
INFO: [HLS 200-111] Finished Checking Synthesizability Time (s): cpu = 00:00:01 ; elapsed = 00:00:14 . Memory (MB): peak = 102.359 ; gain = 46.641
INFO: [HLS 200-111] Finished Pre-synthesis Time (s): cpu = 00:00:01 ; elapsed = 00:00:15 . Memory (MB): peak = 122.922 ; gain = 67.203
INFO: [HLS 200-111] Finished Architecture Synthesis Time (s): cpu = 00:00:01 ; elapsed = 00:00:15 . Memory (MB): peak = 122.922 ; gain = 67.203
INFO: [HLS 200-10] Starting hardware synthesis ...
INFO: [HLS 200-10] Synthesizing 'mul1' ...
INFO: [HLS 200-10] ----------------------------------------------------------------
INFO: [HLS 200-42] -- Implementing module 'mul1' 
INFO: [HLS 200-10] ----------------------------------------------------------------
INFO: [SCHED 204-11] Starting scheduling ...
INFO: [SCHED 204-11] Finished scheduling.
INFO: [HLS 200-111]  Elapsed time: 15.195 seconds; current allocated memory: 74.668 MB.
INFO: [HLS 200-434] Only 0 loops out of a total 2 loops have been pipelined in this design.
INFO: [BIND 205-100] Starting micro-architecture generation ...
INFO: [BIND 205-101] Performing variable lifetime analysis.
INFO: [BIND 205-101] Exploring resource sharing.
INFO: [BIND 205-101] Binding ...
INFO: [BIND 205-100] Finished micro-architecture generation.
INFO: [HLS 200-111]  Elapsed time: 0.248 seconds; current allocated memory: 74.876 MB.
INFO: [HLS 200-10] ----------------------------------------------------------------
INFO: [HLS 200-10] -- Generating RTL for module 'mul1' 
INFO: [HLS 200-10] ----------------------------------------------------------------
INFO: [RTGEN 206-500] Setting interface mode on port 'mul1/A' to 'ap_memory'.
INFO: [RTGEN 206-500] Setting interface mode on port 'mul1/B' to 'ap_memory'.
INFO: [RTGEN 206-500] Setting interface mode on port 'mul1/C' to 'ap_memory'.
INFO: [RTGEN 206-500] Setting interface mode on port 'mul1/sparse_new' to 'ap_memory'.
INFO: [RTGEN 206-500] Setting interface mode on function 'mul1' to 'ap_ctrl_hs'.
WARNING: [RTGEN 206-101] Port 'mul1/A_address0' has no fanin or fanout and is left dangling.
               Please use C simulation to confirm this function argument can be read from or written to.
WARNING: [RTGEN 206-101] Setting dangling out port 'mul1/A_address0' to 0.
WARNING: [RTGEN 206-101] Port 'mul1/A_ce0' has no fanin or fanout and is left dangling.
               Please use C simulation to confirm this function argument can be read from or written to.
WARNING: [RTGEN 206-101] Setting dangling out port 'mul1/A_ce0' to 0.
WARNING: [RTGEN 206-101] Port 'mul1/A_we0' has no fanin or fanout and is left dangling.
               Please use C simulation to confirm this function argument can be read from or written to.
WARNING: [RTGEN 206-101] Setting dangling out port 'mul1/A_we0' to 0.
WARNING: [RTGEN 206-101] Port 'mul1/A_d0' has no fanin or fanout and is left dangling.
               Please use C simulation to confirm this function argument can be read from or written to.
WARNING: [RTGEN 206-101] Setting dangling out port 'mul1/A_d0' to 0.
WARNING: [RTGEN 206-101] Port 'mul1/A_q0' has no fanin or fanout and is left dangling.
               Please use C simulation to confirm this function argument can be read from or written to.
WARNING: [RTGEN 206-101] Port 'mul1/A_address1' has no fanin or fanout and is left dangling.
               Please use C simulation to confirm this function argument can be read from or written to.
WARNING: [RTGEN 206-101] Setting dangling out port 'mul1/A_address1' to 0.
WARNING: [RTGEN 206-101] Port 'mul1/A_ce1' has no fanin or fanout and is left dangling.
               Please use C simulation to confirm this function argument can be read from or written to.
WARNING: [RTGEN 206-101] Setting dangling out port 'mul1/A_ce1' to 0.
WARNING: [RTGEN 206-101] Port 'mul1/A_we1' has no fanin or fanout and is left dangling.
               Please use C simulation to confirm this function argument can be read from or written to.
WARNING: [RTGEN 206-101] Setting dangling out port 'mul1/A_we1' to 0.
WARNING: [RTGEN 206-101] Port 'mul1/A_d1' has no fanin or fanout and is left dangling.
               Please use C simulation to confirm this function argument can be read from or written to.
WARNING: [RTGEN 206-101] Setting dangling out port 'mul1/A_d1' to 0.
WARNING: [RTGEN 206-101] Port 'mul1/A_q1' has no fanin or fanout and is left dangling.
               Please use C simulation to confirm this function argument can be read from or written to.
INFO: [RTGEN 206-100] Finished creating RTL model for 'mul1'.
INFO: [HLS 200-111]  Elapsed time: 0.404 seconds; current allocated memory: 75.269 MB.
INFO: [HLS 200-111] Finished generating all RTL models Time (s): cpu = 00:00:02 ; elapsed = 00:00:17 . Memory (MB): peak = 122.922 ; gain = 67.203
INFO: [SYSC 207-301] Generating SystemC RTL for mul1.
INFO: [VHDL 208-304] Generating VHDL RTL for mul1.
INFO: [VLOG 209-307] Generating Verilog RTL for mul1.
INFO: [HLS 200-112] Total elapsed time: 17.577 seconds; peak allocated memory: 75.269 MB.
