INFO: [SIM 2] *************** CSIM start ***************
INFO: [SIM 4] CSIM will launch GCC as the compiler.
   Compiling(apcc) ../../../tb_normal.c in debug mode
INFO: [HLS 200-10] Running 'D:/Xilinx/Vivado/2018.2/bin/unwrapped/win64.o/apcc.exe'
INFO: [HLS 200-10] For user 'Ayush' on host 'msi' (Windows NT_amd64 version 6.2) on Wed Feb 03 13:12:39 +0530 2021
INFO: [HLS 200-10] In directory 'D:/HLS_Projects/Mul/solution1/csim/build'
INFO: [APCC 202-3] Tmp directory is apcc_db
INFO: [APCC 202-1] APCC is done.
   Compiling(apcc) ../../../normal_mul.c in debug mode
INFO: [HLS 200-10] Running 'D:/Xilinx/Vivado/2018.2/bin/unwrapped/win64.o/apcc.exe'
INFO: [HLS 200-10] For user 'Ayush' on host 'msi' (Windows NT_amd64 version 6.2) on Wed Feb 03 13:12:46 +0530 2021
INFO: [HLS 200-10] In directory 'D:/HLS_Projects/Mul/solution1/csim/build'
INFO: [APCC 202-3] Tmp directory is apcc_db
INFO: [APCC 202-1] APCC is done.
   Generating csim.exe
10 10 15 100 275 450 500 50 
12 24 36 12 4 12 20 20 
28 14 35 56 7 28 7 7 
8 2 10 10 14 24 0 12 
10 20 30 4 5 15 12 1 
0 0 0 0 0 0 0 0 
0 0 0 0 0 0 0 0 
9 18 36 36 45 54 63 72 
INFO: [SIM 1] CSim done with 0 errors.
INFO: [SIM 3] *************** CSIM finish ***************
