INFO-FLOW: Workspace D:/HLS_Projects/Mul/solution4 opened at Thu Feb 04 11:41:25 +0530 2021
Execute     config_clock -quiet -name default -period 10 -default=false 
INFO: [SYN 201-201] Setting up clock 'default' with a period of 10ns.
Execute     open_platform DefaultPlatform 
Execute     import_lib D:/Xilinx/Vivado/2018.2/common/technology/xilinx/aartix7/aartix7 
Execute       source D:/Xilinx/Vivado/2018.2/common/technology/xilinx/common/xilinx.lib 
Execute         source D:/Xilinx/Vivado/2018.2/common/technology/xilinx/interface/xilinx_interface.lib 
Execute           source D:/Xilinx/Vivado/2018.2/common/technology/xilinx/interface/plb46.lib 
Execute           source D:/Xilinx/Vivado/2018.2/common/technology/xilinx/interface/fsl.lib 
Execute           source D:/Xilinx/Vivado/2018.2/common/technology/xilinx/interface/axi4.lib 
Execute           source D:/Xilinx/Vivado/2018.2/common/technology/xilinx/interface/maxi.lib 
Execute           source D:/Xilinx/Vivado/2018.2/common/technology/xilinx/interface/saxilite.lib 
Execute         source D:/Xilinx/Vivado/2018.2/common/technology/xilinx/common/dsp48.lib 
Execute         source D:/Xilinx/Vivado/2018.2/common/technology/xilinx/ip/dds_compiler.lib 
Execute         source D:/Xilinx/Vivado/2018.2/common/technology/xilinx/ip/xfft.lib 
Execute         source D:/Xilinx/Vivado/2018.2/common/technology/xilinx/ip/xfir.lib 
Execute       source D:/Xilinx/Vivado/2018.2/common/technology/xilinx/common/xilinx_old.lib 
Execute       source D:/Xilinx/Vivado/2018.2/common/technology/xilinx/common/xilinx_vivado.lib 
Execute       source D:/Xilinx/Vivado/2018.2/common/technology/xilinx/common/xilinx.hlp 
Execute         source D:/Xilinx/Vivado/2018.2/common/technology/xilinx/common/target_info.tcl 
Execute         source D:/Xilinx/Vivado/2018.2/common/technology/xilinx/interface/xilinx_interface.hlp 
Execute           source D:/Xilinx/Vivado/2018.2/common/technology/xilinx/interface/maxi.hlp 
Execute           source D:/Xilinx/Vivado/2018.2/common/technology/xilinx/interface/saxilite.hlp 
Execute         source D:/Xilinx/Vivado/2018.2/common/technology/xilinx/common/dsp48.hlp 
Execute       source D:/Xilinx/Vivado/2018.2/common/technology/xilinx/aartix7/dsp48e1.hlp 
Execute       get_default_platform 
Execute       config_chip_info -quiet -resource  {SLICE 15850} {LUT 63400}     {FF 126800} {DSP48E 240}    {BRAM 270}  
Execute       config_chip_info -quiet -speed medium 
Execute       source D:/Xilinx/Vivado/2018.2/common/technology/xilinx/common/xilinx.hlp 
Execute         source D:/Xilinx/Vivado/2018.2/common/technology/xilinx/common/target_info.tcl 
Execute         source D:/Xilinx/Vivado/2018.2/common/technology/xilinx/interface/xilinx_interface.hlp 
Execute           source D:/Xilinx/Vivado/2018.2/common/technology/xilinx/interface/maxi.hlp 
Execute           source D:/Xilinx/Vivado/2018.2/common/technology/xilinx/interface/saxilite.hlp 
Execute         source D:/Xilinx/Vivado/2018.2/common/technology/xilinx/common/dsp48.hlp 
Execute     source D:/Xilinx/Vivado/2018.2/common/technology/xilinx/aartix7/aartix7.gen 
Execute       source D:/Xilinx/Vivado/2018.2/common/technology/xilinx/common/virtex.gen 
Execute         source D:/Xilinx/Vivado/2018.2/common/technology/xilinx/common/xilinx.gen 
Execute           source D:/Xilinx/Vivado/2018.2/common/technology/xilinx/interface/plb46.gen 
Execute           source D:/Xilinx/Vivado/2018.2/common/technology/xilinx/interface/fsl.gen 
Execute           source D:/Xilinx/Vivado/2018.2/common/technology/xilinx/interface/axi4.gen 
Execute           source D:/Xilinx/Vivado/2018.2/common/technology/xilinx/interface/nativeAXI4.gen 
Execute             source D:/Xilinx/Vivado/2018.2/common/technology/xilinx/interface/saxilite.gen 
Execute             source D:/Xilinx/Vivado/2018.2/common/technology/xilinx/interface/maxi.gen 
Execute           source D:/Xilinx/Vivado/2018.2/common/technology/xilinx/scripts/xilinxcoregen.gen 
Execute           source D:/Xilinx/Vivado/2018.2/common/technology/xilinx/interface/XilEDKCoreGen.gen 
Execute           source D:/Xilinx/Vivado/2018.2/common/technology/xilinx/ip/dds_compiler.gen 
Execute           source D:/Xilinx/Vivado/2018.2/common/technology/xilinx/ip/util.gen 
Execute           source D:/Xilinx/Vivado/2018.2/common/technology/xilinx/ip/xfft.gen 
Execute           source D:/Xilinx/Vivado/2018.2/common/technology/xilinx/ip/xfir.gen 
Command         ap_source done; 0.147 sec.
Execute         source D:/Xilinx/Vivado/2018.2/common/technology/xilinx/common/dsp48.gen 
Command       ap_source done; 0.15 sec.
Command     ap_source done; 0.151 sec.
Execute     open_platform DefaultPlatform 
Execute     import_lib D:/Xilinx/Vivado/2018.2/common/technology/xilinx/aartix7/aartix7_fpv6 
Execute       source D:/Xilinx/Vivado/2018.2/common/technology/xilinx/common/xilinx_fpv7.lib 
Execute         source D:/Xilinx/Vivado/2018.2/common/technology/xilinx/common/xilinx_hp.lib 
Execute       source D:/Xilinx/Vivado/2018.2/common/technology/xilinx/common/xilinx_fpv.hlp 
Execute         source D:/Xilinx/Vivado/2018.2/common/technology/xilinx/common/xilinx.hlp 
Execute           source D:/Xilinx/Vivado/2018.2/common/technology/xilinx/common/target_info.tcl 
Execute           source D:/Xilinx/Vivado/2018.2/common/technology/xilinx/interface/xilinx_interface.hlp 
Execute             source D:/Xilinx/Vivado/2018.2/common/technology/xilinx/interface/maxi.hlp 
Execute             source D:/Xilinx/Vivado/2018.2/common/technology/xilinx/interface/saxilite.hlp 
Execute           source D:/Xilinx/Vivado/2018.2/common/technology/xilinx/common/dsp48.hlp 
Execute       source D:/Xilinx/Vivado/2018.2/common/technology/xilinx/aartix7/aartix7_hp.hlp 
Execute     source D:/Xilinx/Vivado/2018.2/common/technology/xilinx/aartix7/aartix7_fpv6.gen 
Execute       source D:/Xilinx/Vivado/2018.2/common/technology/xilinx/common/xilinx_fpv6.gen 
Execute     set_part xa7a12tcsg325-1q 
Execute       add_library xilinx/aartix7/aartix7:xa7a12t:csg325:-1q 
Execute         get_default_platform 
Execute         license_isbetapart xa7a12t 
Command         license_isbetapart done; error code: 1; 
Execute         get_default_platform 
Execute         config_chip_info -quiet -resource  {SLICE 2000}  {LUT 8000}      {FF 16000}  {DSP48E 40}     {BRAM 40}  
Execute         config_chip_info -quiet -speed slow 
Execute       add_library xilinx/aartix7/aartix7_fpv6 
Execute         get_default_platform 
INFO: [HLS 200-10] Setting target device to 'xa7a12tcsg325-1q'
Execute       get_default_platform 
Execute     get_default_platform 
Execute     config_chip_info -quiet -resource  {SLICE 2000}  {LUT 8000}      {FF 16000}  {DSP48E 40}     {BRAM 40}  
Execute     config_chip_info -quiet -speed slow 
Command   open_solution done; 0.303 sec.
Execute   set_part xa7a12tcsg325-1q 
Execute     add_library xilinx/aartix7/aartix7:xa7a12t:csg325:-1q 
Execute       get_default_platform 
Execute       license_isbetapart xa7a12t 
Command       license_isbetapart done; error code: 1; 
Execute       get_default_platform 
Execute       config_chip_info -quiet -resource  {SLICE 2000}  {LUT 8000}      {FF 16000}  {DSP48E 40}     {BRAM 40}  
Execute       config_chip_info -quiet -speed slow 
Execute     add_library xilinx/aartix7/aartix7_fpv6 
Execute       get_default_platform 
Execute     get_default_platform 
Execute   create_clock -period 10 -name default 
Execute   csynth_design 
Execute     get_config_compile -effort 
Execute     get_config_compile -enable_clang39 
Execute     get_config_compile -g 
Execute     get_config_compile -lm 
Execute     get_config_compile -ng 
Execute     get_config_compile -opt_fp 
Execute     get_config_compile -skip_cdt 
Execute     get_config_compile -skip_syncheck 
Execute     get_config_compile -skip_transform 
Execute     get_config_compile -keep_printf 
Execute     elaborate -effort=medium -skip_syncheck=0 -keep_printf=0 -lm=0 -skip_cdt=0 -skip_transform=0 -ng=0 -g=0 -opt_fp=0 -from_csynth_design=1 
Execute       get_config_schedule -relax_ii_for_timing 
Execute       get_config_schedule -suppress_dependence_error_break 
INFO: [HLS 200-10] Analyzing design file 'Mul/new_sparse(s4).c' ... 
INFO-FLOW: Compiling one TU...
Execute       is_m_axi_addr64 
INFO-FLOW: Handling Mul/new_sparse(s4).c as C
Execute       get_default_platform 
Execute       is_encrypted Mul/new_sparse(s4).c 
INFO-FLOW: Source preprocessing
Execute       clang  -fno-limit-debug-info -gcc-toolchain "D:/Xilinx/Vivado/2018.2/msys" -hls  -fno-exceptions  -D__llvm__  -E "Mul/new_sparse(s4).c"     -fno-math-errno -c -emit-llvm -O0  -mllvm -disable-llvm-optzns -std=gnu89   -DAESL_SYN -D__SYNTHESIS__ -D__HLS_SYN__ -I "D:/Xilinx/Vivado/2018.2/common/technology/autopilot" -I "D:/Xilinx/Vivado/2018.2/common/technology/autopilot/ap_sysc" -include etc/autopilot_ssdm_op.h -D__DSP48E1__ -D__cdecl=  -o "D:/HLS_Projects/Mul/solution4/.autopilot/db/new_sparse(s4).pp.0.c" 
INFO-FLOW: exec D:/Xilinx/Vivado/2018.2/win64/tools/clang/bin/clang -fno-limit-debug-info -gcc-toolchain D:/Xilinx/Vivado/2018.2/msys -hls -fno-exceptions -D__llvm__ -E Mul/new_sparse(s4).c -fno-math-errno -c -emit-llvm -O0 -mllvm -disable-llvm-optzns -std=gnu89 -DAESL_SYN -D__SYNTHESIS__ -D__HLS_SYN__ -I D:/Xilinx/Vivado/2018.2/common/technology/autopilot -I D:/Xilinx/Vivado/2018.2/common/technology/autopilot/ap_sysc -include etc/autopilot_ssdm_op.h -D__DSP48E1__ -D__cdecl= -o D:/HLS_Projects/Mul/solution4/.autopilot/db/new_sparse(s4).pp.0.c
Command       clang done; 0.742 sec.
INFO-FLOW: Syntax Checking before pre-processing...
Execute       clang  -fno-limit-debug-info -gcc-toolchain "D:/Xilinx/Vivado/2018.2/msys" -hls    -fno-math-errno -c -emit-llvm -O0  -mllvm -disable-llvm-optzns -std=gnu89   -DAESL_SYN -D__SYNTHESIS__ -D__HLS_SYN__ -I "D:/Xilinx/Vivado/2018.2/common/technology/autopilot" -I "D:/Xilinx/Vivado/2018.2/common/technology/autopilot/ap_sysc" -include etc/autopilot_ssdm_op.h -D__DSP48E1__ -D__cdecl=  "D:/HLS_Projects/Mul/solution4/.autopilot/db/new_sparse(s4).pp.0.c"  -o "D:/HLS_Projects/Mul/solution4/.autopilot/db/useless.bc"  
INFO-FLOW: exec D:/Xilinx/Vivado/2018.2/win64/tools/clang/bin/clang -fno-limit-debug-info -gcc-toolchain D:/Xilinx/Vivado/2018.2/msys -hls -fno-math-errno -c -emit-llvm -O0 -mllvm -disable-llvm-optzns -std=gnu89 -DAESL_SYN -D__SYNTHESIS__ -D__HLS_SYN__ -I D:/Xilinx/Vivado/2018.2/common/technology/autopilot -I D:/Xilinx/Vivado/2018.2/common/technology/autopilot/ap_sysc -include etc/autopilot_ssdm_op.h -D__DSP48E1__ -D__cdecl= D:/HLS_Projects/Mul/solution4/.autopilot/db/new_sparse(s4).pp.0.c -o D:/HLS_Projects/Mul/solution4/.autopilot/db/useless.bc
Command       clang done; 0.71 sec.
INFO-FLOW: GCC PP time: 1 seconds per iteration
Execute       list_core -type functional_unit 
Execute       tidy_31 xilinx-systemc-detector D:/HLS_Projects/Mul/solution4/.autopilot/db/new_sparse(s4).pp.0.c std=gnu89 -directive=D:/HLS_Projects/Mul/solution4/.autopilot/db/.systemc_flag 
INFO-FLOW: exec D:/Xilinx/Vivado/2018.2/win64/tools/clang-3.9-csynth/bin/tidy-3.1 -header-filter=.* --checks=-*,xilinx-systemc-detector -import-directive=D:/HLS_Projects/Mul/solution4/.autopilot/db/.systemc_flag -quiet -fix-errors D:/HLS_Projects/Mul/solution4/.autopilot/db/new_sparse(s4).pp.0.c -- -std=gnu89 -fhls -ferror-limit=0
Command       tidy_31 done; 0.227 sec.
INFO-FLOW: CDT Preprocessing with tidy-3.1...
Execute       tidy_31 xilinx-directive2pragma D:/HLS_Projects/Mul/solution4/.autopilot/db/new_sparse(s4).pp.0.c std=gnu89 -directive=D:/HLS_Projects/Mul/solution4/solution4.json 
INFO-FLOW: exec D:/Xilinx/Vivado/2018.2/win64/tools/clang-3.9-csynth/bin/tidy-3.1 -header-filter=.* --checks=-*,xilinx-directive2pragma -import-directive=D:/HLS_Projects/Mul/solution4/solution4.json -quiet -fix-errors D:/HLS_Projects/Mul/solution4/.autopilot/db/new_sparse(s4).pp.0.c -- -std=gnu89 -fhls -ferror-limit=0
Command       tidy_31 done; 0.125 sec.
Execute       get_config_dataflow -strict_mode 
Execute       ap_eval exec -ignorestderr D:/Xilinx/Vivado/2018.2/win64/tools/clang-3.9-csynth/bin/xilinx-dataflow-lawyer -export-fixes=D:/HLS_Projects/Mul/solution4/.autopilot/db/xilinx-dataflow-lawyer.new_sparse(s4).pp.0.c.diag.yml D:/HLS_Projects/Mul/solution4/.autopilot/db/new_sparse(s4).pp.0.c -- -std=gnu99 -fhls -ferror-limit=0 -fstrict-dataflow > D:/HLS_Projects/Mul/solution4/.autopilot/db/xilinx-dataflow-lawyer.new_sparse(s4).pp.0.c.out.log 2> D:/HLS_Projects/Mul/solution4/.autopilot/db/xilinx-dataflow-lawyer.new_sparse(s4).pp.0.c.err.log 
Execute       tidy_31 -errorcheck xilinx-constantarray-param,xilinx-resource-pragma-transformer D:/HLS_Projects/Mul/solution4/.autopilot/db/new_sparse(s4).pp.0.c std=gnu89 
INFO-FLOW: exec D:/Xilinx/Vivado/2018.2/win64/tools/clang-3.9-csynth/bin/tidy-3.1 -header-filter=.* --checks=-*,xilinx-constantarray-param,xilinx-resource-pragma-transformer -quiet -fix-errors D:/HLS_Projects/Mul/solution4/.autopilot/db/new_sparse(s4).pp.0.c -- -std=gnu89 -fhls -ferror-limit=0
INFO-FLOW: exec D:/Xilinx/Vivado/2018.2/win64/tools/clang-3.9-csynth/bin/xilinx-legacy-rewriter D:/HLS_Projects/Mul/solution4/.autopilot/db/new_sparse(s4).pp.0.c -- -std=gnu89 -fhls -ferror-limit=0
Command       tidy_31 done; 0.355 sec.
INFO-FLOW: tidy-3.1 time 0 seconds per iteration
INFO-FLOW: Pragma Handling...
Execute       tidy_31 xilinx-ssdm-intrinsics-arguments D:/HLS_Projects/Mul/solution4/.autopilot/db/new_sparse(s4).pragma.1.c std=gnu89 
INFO-FLOW: exec D:/Xilinx/Vivado/2018.2/win64/tools/clang-3.9-csynth/bin/tidy-3.1 -header-filter=.* --checks=-*,xilinx-ssdm-intrinsics-arguments -quiet -fix-errors D:/HLS_Projects/Mul/solution4/.autopilot/db/new_sparse(s4).pragma.1.c -- -std=gnu89 -fhls -ferror-limit=0
INFO-FLOW: Source preprocessing
Execute       clang  -fno-limit-debug-info -gcc-toolchain "D:/Xilinx/Vivado/2018.2/msys" -hls  -fno-exceptions  -D__llvm__  -E "D:/HLS_Projects/Mul/solution4/.autopilot/db/new_sparse(s4).pragma.1.c"     -fno-math-errno -c -emit-llvm -O0  -mllvm -disable-llvm-optzns -std=gnu89   -DAESL_SYN -D__SYNTHESIS__ -D__HLS_SYN__ -I "D:/Xilinx/Vivado/2018.2/common/technology/autopilot" -I "D:/Xilinx/Vivado/2018.2/common/technology/autopilot/ap_sysc" -include etc/autopilot_ssdm_op.h -D__DSP48E1__ -D__cdecl=  -o "D:/HLS_Projects/Mul/solution4/.autopilot/db/new_sparse(s4).pragma.2.c" 
INFO-FLOW: exec D:/Xilinx/Vivado/2018.2/win64/tools/clang/bin/clang -fno-limit-debug-info -gcc-toolchain D:/Xilinx/Vivado/2018.2/msys -hls -fno-exceptions -D__llvm__ -E D:/HLS_Projects/Mul/solution4/.autopilot/db/new_sparse(s4).pragma.1.c -fno-math-errno -c -emit-llvm -O0 -mllvm -disable-llvm-optzns -std=gnu89 -DAESL_SYN -D__SYNTHESIS__ -D__HLS_SYN__ -I D:/Xilinx/Vivado/2018.2/common/technology/autopilot -I D:/Xilinx/Vivado/2018.2/common/technology/autopilot/ap_sysc -include etc/autopilot_ssdm_op.h -D__DSP48E1__ -D__cdecl= -o D:/HLS_Projects/Mul/solution4/.autopilot/db/new_sparse(s4).pragma.2.c
Command       clang done; 0.737 sec.
Execute       get_default_platform 
INFO-FLOW: Processing labels
Execute       clang -src D:/HLS_Projects/Mul/solution4/.autopilot/db/new_sparse(s4).pragma.2.c  -fno-limit-debug-info -gcc-toolchain D:/Xilinx/Vivado/2018.2/msys -hls -hls-analyze-label -hls-analyze-pragma -fno-exceptions  -D__llvm__  -w  "D:/HLS_Projects/Mul/solution4/.autopilot/db/new_sparse(s4).pragma.2.c"    -fno-math-errno -c -emit-llvm -O0  -mllvm -disable-llvm-optzns -std=gnu89  -DAESL_SYN -D__SYNTHESIS__ -D__HLS_SYN__ -I "D:/Xilinx/Vivado/2018.2/common/technology/autopilot" -I "D:/Xilinx/Vivado/2018.2/common/technology/autopilot/ap_sysc" -include etc/autopilot_ssdm_op.h -D__DSP48E1__ -g -o "D:/HLS_Projects/Mul/solution4/.autopilot/db/new_sparse(s4).bc" 
INFO-FLOW: exec D:/Xilinx/Vivado/2018.2/win64/tools/clang/bin/clang -fno-limit-debug-info -gcc-toolchain D:/Xilinx/Vivado/2018.2/msys -hls -hls-analyze-label -hls-analyze-pragma -fno-exceptions -D__llvm__ -w D:/HLS_Projects/Mul/solution4/.autopilot/db/new_sparse(s4).pragma.2.c -fno-math-errno -c -emit-llvm -O0 -mllvm -disable-llvm-optzns -std=gnu89 -DAESL_SYN -D__SYNTHESIS__ -D__HLS_SYN__ -I D:/Xilinx/Vivado/2018.2/common/technology/autopilot -I D:/Xilinx/Vivado/2018.2/common/technology/autopilot/ap_sysc -include etc/autopilot_ssdm_op.h -D__DSP48E1__ -g -o D:/HLS_Projects/Mul/solution4/.autopilot/db/new_sparse(s4).bc
Command       clang done; 0.762 sec.
INFO-FLOW: Linking Debug ...
Execute       llvm-ld D:/HLS_Projects/Mul/solution4/.autopilot/db/new_sparse(s4).g.bc -hls-opt -except-internalize mul1 -LD:/Xilinx/Vivado/2018.2/win64/lib -lhlsm -lhlsmc++ -o D:/HLS_Projects/Mul/solution4/.autopilot/db/a.g 
Command       llvm-ld done; 0.9 sec.
INFO: [HLS 200-111] Finished Linking Time (s): cpu = 00:00:01 ; elapsed = 00:00:06 . Memory (MB): peak = 100.832 ; gain = 45.027
INFO: [HLS 200-111] Finished Checking Pragmas Time (s): cpu = 00:00:01 ; elapsed = 00:00:06 . Memory (MB): peak = 100.832 ; gain = 45.027
Execute       ::config_rtl 
Execute       opt_and_import_c a -opt_level=2 -skip_syncheck=0 -ng=0 -keep_printf=0 
Execute         cleanup_all_models 
INFO: [HLS 200-10] Starting code transformations ...
Execute         transform -promote-dbg-pointer D:/HLS_Projects/Mul/solution4/.autopilot/db/a.pp.bc -o D:/HLS_Projects/Mul/solution4/.autopilot/db/a.pp.0.bc -f 
Execute         llvm-ld D:/HLS_Projects/Mul/solution4/.autopilot/db/a.pp.0.bc -disable-opt -LD:/Xilinx/Vivado/2018.2/win64/lib -lfloatconversion -o D:/HLS_Projects/Mul/solution4/.autopilot/db/a.g.0 
Command         llvm-ld done; 0.605 sec.
INFO-FLOW: Running Standard Transforms...
Execute         transform -hls -share-std-xform -demangle-name -inline-byval-memcpy -always-inline -promote-dbg-pointer -interface-preproc -scalarrepl -mem2reg -keep-read-access -instcombine -dce -promote-dbg-pointer -bitop-raise -loop-simplify -indvarspre -indvars -loop-simplify -xunroll -constprop -instcombine -simplifycfg -indvars -simplifycfg -dce -globaldce -basicaa -simplifycfg -mem2reg -globalopt -global-constprop -deadargelim -instcombine -simplifycfg -prune-eh -simplifycfg -scalarrepl -instcombine -reassociate -licm -simplifycfg -loop-simplify -indvars -instcombine -simplifycfg -mem2reg -loop-simplify -indvars -instcombine -gvn -gvn -instcombine -adce -break-crit-edges -simplifycfg -loop-delete -global-array-opt -dce -dse -adce -find-syn-modules -top mul1 -deadargelim -mem2reg -instcombine -dce -presyn-prepare -auto-rom-infer -interface-preproc -syn-check -check-rec-only -find-region -simplifycfg -func-extr -function-inline -globaldce -mem2reg -instcombine -dce -gvn -globaldce -adce -adse -constprop -instcombine -bit-constprop -instcombine -dce -simplifycfg -bitop-raise -simplifycfg -dce -loop-delete -reassociate -globalopt -global-privatize -mem2reg -dce -global-constprop -pointer-simplify -constprop -dce -func-inst -deadargelim -auto-shift-reg-idiom -promote-dbg-pointer -norm-name D:/HLS_Projects/Mul/solution4/.autopilot/db/a.g.0.bc -o D:/HLS_Projects/Mul/solution4/.autopilot/db/a.g.1.bc -f -phase std-opt 
INFO: [HLS 200-111] Finished Standard Transforms Time (s): cpu = 00:00:01 ; elapsed = 00:00:06 . Memory (MB): peak = 102.215 ; gain = 46.410
INFO: [HLS 200-10] Checking synthesizability ...
INFO-FLOW: Checking Synthesizability 1/2..
Execute         transform -hls -syn-check -check-rec-only -disaggr -scalarrepl -norm-name -dce -mem2reg -instcombine -function-uniquify -directive-preproc -mem2reg -dse -dce -auto-rom-infer -dce -array-normalize -instcombine -dce -warn-fifo-pointer -array-seg-normalize -instcombine -dce -array-flatten -instcombine -dce -array-burst -dce -deadargelim -promote-global-argument -simplifycfg -mem2reg -globaldce -resolve-double-ptr -dce -deadargelim -dce -instcombine -function-inline -globaldce -dce -doublePtrSimplify -doublePtrElim -dce -doublePtrSimplify -promote-dbg-pointer -dce -scalarrepl -dse -adse -instcombine -ptrLegalization -simplifycfg -dce -instcombine -pointer-simplify -ptrArgReplace -dce -instcombine -disaggr -scalarrepl -norm-name -dce -mem2reg -instcombine -ptrLegalization -simplifycfg -deadargelim -instcombine -dce -inst-simplify -function-uniquify -directive-preproc -mem2reg -dse -dce -globaldce D:/HLS_Projects/Mul/solution4/.autopilot/db/a.g.1.bc -o D:/HLS_Projects/Mul/solution4/.autopilot/db/a.g.2.prechk.bc -f 
INFO-FLOW: Checking Synthesizability 2/2..
Execute         transform -syn-check D:/HLS_Projects/Mul/solution4/.autopilot/db/a.g.2.prechk.bc -o D:/HLS_Projects/Mul/solution4/.autopilot/db/a.g.2.bc -f -phase syn-check 
INFO: [HLS 200-111] Finished Checking Synthesizability Time (s): cpu = 00:00:01 ; elapsed = 00:00:06 . Memory (MB): peak = 102.504 ; gain = 46.699
INFO-FLOW: Compiler optimizing ...
INFO-FLOW: Share syncheck's 1.bc for syn flow: copy D:/HLS_Projects/Mul/solution4/.autopilot/db/a.g.1.bc to D:/HLS_Projects/Mul/solution4/.autopilot/db/a.o.1.bc
INFO-FLOW: Presyn 1...
Execute         transform -hls -tmp D:/HLS_Projects/Mul/solution4/.autopilot/db -interface-port-rename -type-info -function-uniquify -directive-preproc -mem2reg -dse -dce -disaggr -scalarrepl -norm-name -deadargelim -mem2reg -instcombine -dce -simplifycfg -auto-rom-infer -dce -function-uniquify -resource-proc -simplifycfg -mem2reg -globaldce -resolve-double-ptr -dce -deadargelim -dce -instcombine -clib-intrinsic-prepare -dce -func-buffer -dce -array-normalize -func-legal -instcombine -gvn -constprop -dce -ptrArgReplace -mem2reg -instcombine -dce -array-seg-normalize -deadargelim -instcombine -dce -pointer-simplify -dce -port-alignment -dce -interface-preproc -data-pack -instcombine -dce -basicaa -aggr-aa -aggrmodref-aa -aggr-aa -gvn -gvn -basicaa -aggr-aa -aggrmodref-aa -aggr-aa -dse -adse -adce -loop-simplify -indvars -instcombine -gvn -loop-simplify -mem2reg -dce -find-region -instcombine -auto-loop-pipeline -inst-simplify -interface-preproc -cfgopt -instcombine -indvars -auto-loop-unroll -loop-simplify -loop-bound -xunroll -constprop -instcombine -simplifycfg -indvars -simplifycfg -dce -globaldce -clean-region -attach-range -gvn -inst-simplify -constprop -simplifycfg -dce -pointer-simplify -dce -globalopt -constprop -dce -array-promote -constprop -instcombine -dce -ptrArgReplace -mem2reg -instcombine -simplifycfg -dce -auto-par -instcombine -dce -array-transform-check -array-reshape -instcombine -simplifycfg -dce -ptrArgReplace -deadargelim -mem2reg -instcombine -simplifycfg -dce -indvars -loop-simplify -loop-bound -xunroll -constprop -instcombine -simplifycfg -indvars -simplifycfg -dce -globaldce -duplicate-dataflow-processes -globaldce -instcombine -array-partition -instcombine -simplifycfg -dce -ptrArgReplace -global-constprop -deadargelim -mem2reg -func-legal -instcombine -dce -global-constprop -deadargelim -mem2reg -instcombine -simplifycfg -dce -merge-param -deadargelim -globalopt -constprop -dce -array-promote -constprop -instcombine -dce -ptrArgReplace -mem2reg -instcombine -simplifycfg -dce -mem-intrinsic-preproc -dce -global-internalize -global-privatize -mem2reg -globaldce -promote-global-argument -ptrArgReplace -mem2reg -instcombine -dce -globalopt -mergereturn -simplify-global-access -mem2reg -dce -pointer-simplify -dce -functionattrs -basicaa -aggr-aa -aggrmodref-aa -aggr-aa -gvn -gvn -basicaa -aggr-aa -aggrmodref-aa -aggr-aa -dse -adse -adce -inst-simplify -dce -norm-name -function-inline -globaldce -func-inst -constprop -instcombine -simplifycfg -dce -func-legal -dce -loop-bound -arraycheck -bitwidthmin -on-by-dataflow -loop-delete -instcombine -simplifycfg -globaldce -dce -gvn -deadargelim -dce -loop-simplify -clean-region -simplifycfg -propagate-stable-arguments -loop-stream -instcombine -simplifycfg -dce -globaldce -duplicate-dataflow-processes -stream-intrinsic-preproc -dce -check-ap-stream -loop-simplify -eliminate-keepreads -extract-dataflow-in-loop -loop-simplify -dce -gvn -deadargelim -dse -check-dataflow-syntax -legalize-stream-variable -legalize-global -extract-subproc -dce -dead-channel-elimination -canonicalize-gep -globaldce -dce -gvn -deadargelim -annotate-dataflow-channels -scalar-propagation -deadargelim -globaldce -mem2reg -check-dataflow-channels -function-stream -dce -globaldce -prop-fifo-spec -internal-stream-gen -canonicalize-gep -globaldce -dce -gvn -deadargelim -mergereturn -indvars -loop-simplify -instcombine -array-stream -array-seg-normalize -array-partition -func-legal -instcombine -simplifycfg -dce -bundle-memfifo-ops -deadargelim -function-uniquify -directive-preproc -mem2reg -dse -dce -group-axi-access -licm -simplifycfg -dce -loop-delete -norm-name D:/HLS_Projects/Mul/solution4/.autopilot/db/a.o.1.bc -o D:/HLS_Projects/Mul/solution4/.autopilot/db/a.o.1.tmp.bc -f 
INFO: [XFORM 203-501] Unrolling loop 'Loop-1.1' (Mul/new_sparse(s4).c:11) in function 'mul1' completely.
Command         transform done; 0.155 sec.
INFO-FLOW: Presyn 2...
Execute         transform -hls -keep-callgraph -scalarrepl -mem2reg -port-alignment -attach-range -dce -pipe-mux-gen -indvars -loop-bound -inst-simplify -instcombine -dce -merge-array-access -mem2reg -dce -clean-region -mergereturn -if-conv -instcombine -dce -constprop -basicaa -aggr-aa -aggrmodref-aa -aggr-aa -gvn -gvn -basicaa -aggr-aa -aggrmodref-aa -aggr-aa -dse -adse -adce -scalarrepl -mem2reg -global-constprop -deadargelim -deadargelim -instcombine -dce -simplifycfg -ptrArgReplace -mem2reg -function-inline -globaldce -mem2reg -instcombine -dce -expr-balance -instcombine -dce -bitwidthmin -interface-preproc -directive-preproc -inst-rectify -instcombine -dce -functionattrs -constprop -instcombine -bit-constprop -simplify-global-access -globalopt -globaldce -inst-simplify -instcombine -elimdeaddata -dce -loop-delete -simplifycfg -loop-simplify -auto-burst -norm-name D:/HLS_Projects/Mul/solution4/.autopilot/db/a.o.1.tmp.bc -o D:/HLS_Projects/Mul/solution4/.autopilot/db/a.o.2.bc -f -phase presyn 
INFO: [HLS 200-111] Finished Pre-synthesis Time (s): cpu = 00:00:01 ; elapsed = 00:00:07 . Memory (MB): peak = 123.090 ; gain = 67.285
INFO-FLOW: Building ssdm...
Execute         transform -hls -function-uniquify -auto-function-inline -globaldce -ptrArgReplace -mem2reg -instcombine -dce -reset-lda -loop-simplify -indvars -licm -loop-dep -loop-bound -licm -loop-simplify -flattenloopnest -array-flatten -gvn -instcombine -dce -array-map -dce -func-legal -gvn -adce -instcombine -cfgopt -simplifycfg -loop-simplify -array-burst -promote-global-argument -dce -axi4-lower -array-seg-normalize -basicaa -aggrmodref-aa -globalsmodref-aa -aggr-aa -gvn -gvn -basicaa -aggrmodref-aa -globalsmodref-aa -aggr-aa -dse -adse -adce -licm -inst-simplify -dce -globaldce -instcombine -array-stream -eliminate-keepreads -instcombine -dce -deadargelim -doublePtrSimplify -doublePtrElim -dce -doublePtrSimplify -promote-dbg-pointer -dce -scalarrepl -mem2reg -disaggr -norm-name -mem2reg -instcombine -dse -adse -adce -ptrLegalization -dce -auto-rom-infer -array-flatten -dce -instcombine -check-doubleptr -loop-rot -constprop -cfgopt -simplifycfg -loop-simplify -indvars -pointer-simplify -dce -loop-bound -loop-simplify -loop-preproc -constprop -global-constprop -gvn -mem2reg -instcombine -dce -loop-bound -loop-merge -dce -bitwidthmin -deadargelim -dce -canonicalize-dataflow -dce -scalar-propagation -deadargelim -globaldce -mem2reg -read-loop-dep -interface-preproc -directive-preproc -interface-gen -bram-byte-enable -deadargelim -inst-simplify -dce -gvn -mem2reg -instcombine -dce -adse -loop-bound -instcombine -cfgopt -simplifycfg -loop-simplify -clean-region -io-protocol -find-region -mem2reg -bitop-raise -inst-simplify -inst-rectify -instcombine -adce -deadargelim -loop-simplify -phi-opt -bitop-raise -cfgopt -simplifycfg -strip-dead-prototypes -interface-lower -bitop-lower -intrinsic-lower -auto-function-inline -basicaa -aggrmodref-aa -globalsmodref-aa -aggr-aa -inst-simplify -simplifycfg -loop-simplify -mergereturn -inst-simplify -inst-rectify -dce -load-elim -bitop-lower -loop-rewind -pointer-simplify -dce -cfgopt -dce -bitwidth -loop-dep -read-loop-dep -dce -check-stream -norm-name -legalize -validate-dataflow -dead-allocation-elimination -cdfg-build D:/HLS_Projects/Mul/solution4/.autopilot/db/a.o.2.bc -o D:/HLS_Projects/Mul/solution4/.autopilot/db/a.o.3.bc -f -phase build-ssdm 
INFO: [HLS 200-111] Finished Architecture Synthesis Time (s): cpu = 00:00:01 ; elapsed = 00:00:07 . Memory (MB): peak = 123.215 ; gain = 67.410
INFO-FLOW: Finish building internal data model.
Command       opt_and_import_c done; 1.382 sec.
Command     elaborate done; 6.24 sec.
Execute     autosyn -from_csynth_design=1 
INFO: [HLS 200-10] Starting hardware synthesis ...
INFO-FLOW: Synthesizing C/C++ design ...
INFO: [HLS 200-10] Synthesizing 'mul1' ...
Execute       ap_set_top_model mul1 
Execute       get_model_list mul1 -filter all-wo-channel -topdown 
Execute       preproc_iomode -model mul1 
Execute       get_model_list mul1 -filter all-wo-channel 
INFO-FLOW: Model list for configure: mul1
INFO-FLOW: Configuring Module : mul1 ...
Execute       set_default_model mul1 
Execute       apply_spec_resource_limit mul1 
INFO-FLOW: Model list for preprocess: mul1
INFO-FLOW: Preprocessing Module: mul1 ...
Execute       set_default_model mul1 
Execute       cdfg_preprocess -model mul1 
Execute       rtl_gen_preprocess mul1 
INFO-FLOW: Model list for synthesis: mul1
INFO: [HLS 200-10] ----------------------------------------------------------------
INFO: [HLS 200-42] -- Implementing module 'mul1' 
INFO: [HLS 200-10] ----------------------------------------------------------------
Execute       set_default_model mul1 
Execute       schedule -model mul1 
INFO: [SCHED 204-11] Starting scheduling ...
INFO: [SCHED 204-11] Finished scheduling.
Command       schedule done; 0.215 sec.
INFO: [HLS 200-111]  Elapsed time: 7.291 seconds; current allocated memory: 75.469 MB.
Execute       report -o D:/HLS_Projects/Mul/solution4/.autopilot/db/mul1.verbose.sched.rpt -verbose -f 
INFO: [HLS 200-434] Only 0 loops out of a total 1 loops have been pipelined in this design.
Command       report done; 0.256 sec.
Execute       db_write -o D:/HLS_Projects/Mul/solution4/.autopilot/db/mul1.sched.adb -f 
INFO-FLOW: Finish scheduling mul1.
Execute       set_default_model mul1 
Execute       bind -model mul1 
BIND OPTION: fu_weight=[ 0.0 -- 1.0 ]
BIND OPTION: model=mul1
BIND OPTION: reg_weight=[ 0.0 -- 1.0 ]
INFO: [BIND 205-100] Starting micro-architecture generation ...
INFO: [BIND 205-101] Performing variable lifetime analysis.
INFO: [BIND 205-101] Exploring resource sharing.
INFO: [BIND 205-101] Binding ...
INFO: [BIND 205-100] Finished micro-architecture generation.
INFO: [HLS 200-111]  Elapsed time: 0.43 seconds; current allocated memory: 75.846 MB.
Execute       report -o D:/HLS_Projects/Mul/solution4/.autopilot/db/mul1.verbose.bind.rpt -verbose -f 
Execute       db_write -o D:/HLS_Projects/Mul/solution4/.autopilot/db/mul1.bind.adb -f 
INFO-FLOW: Finish binding mul1.
Execute       get_model_list mul1 -filter all-wo-channel 
INFO-FLOW: Preprocessing for RTLGen ...
Execute       rtl_gen_preprocess mul1 
INFO-FLOW: Model list for RTL generation: mul1
INFO: [HLS 200-10] ----------------------------------------------------------------
INFO: [HLS 200-10] -- Generating RTL for module 'mul1' 
INFO: [HLS 200-10] ----------------------------------------------------------------
Execute       get_config_rtl -prefix 
Execute       get_config_rtl -auto_prefix 
Execute       create_rtl_model mul1 -vendor xilinx -mg_file D:/HLS_Projects/Mul/solution4/.autopilot/db/mul1.compgen.tcl 
INFO: [RTGEN 206-500] Setting interface mode on port 'mul1/A' to 'ap_memory'.
INFO: [RTGEN 206-500] Setting interface mode on port 'mul1/B' to 'ap_memory'.
INFO: [RTGEN 206-500] Setting interface mode on port 'mul1/C' to 'ap_memory'.
INFO: [RTGEN 206-500] Setting interface mode on port 'mul1/sparse_new' to 'ap_memory'.
INFO: [RTGEN 206-500] Setting interface mode on function 'mul1' to 'ap_ctrl_hs'.
WARNING: [RTGEN 206-101] Port 'mul1/A_address0' has no fanin or fanout and is left dangling.
               Please use C simulation to confirm this function argument can be read from or written to.
WARNING: [RTGEN 206-101] Setting dangling out port 'mul1/A_address0' to 0.
WARNING: [RTGEN 206-101] Port 'mul1/A_ce0' has no fanin or fanout and is left dangling.
               Please use C simulation to confirm this function argument can be read from or written to.
WARNING: [RTGEN 206-101] Setting dangling out port 'mul1/A_ce0' to 0.
WARNING: [RTGEN 206-101] Port 'mul1/A_we0' has no fanin or fanout and is left dangling.
               Please use C simulation to confirm this function argument can be read from or written to.
WARNING: [RTGEN 206-101] Setting dangling out port 'mul1/A_we0' to 0.
WARNING: [RTGEN 206-101] Port 'mul1/A_d0' has no fanin or fanout and is left dangling.
               Please use C simulation to confirm this function argument can be read from or written to.
WARNING: [RTGEN 206-101] Setting dangling out port 'mul1/A_d0' to 0.
WARNING: [RTGEN 206-101] Port 'mul1/A_q0' has no fanin or fanout and is left dangling.
               Please use C simulation to confirm this function argument can be read from or written to.
WARNING: [RTGEN 206-101] Port 'mul1/A_address1' has no fanin or fanout and is left dangling.
               Please use C simulation to confirm this function argument can be read from or written to.
WARNING: [RTGEN 206-101] Setting dangling out port 'mul1/A_address1' to 0.
WARNING: [RTGEN 206-101] Port 'mul1/A_ce1' has no fanin or fanout and is left dangling.
               Please use C simulation to confirm this function argument can be read from or written to.
WARNING: [RTGEN 206-101] Setting dangling out port 'mul1/A_ce1' to 0.
WARNING: [RTGEN 206-101] Port 'mul1/A_we1' has no fanin or fanout and is left dangling.
               Please use C simulation to confirm this function argument can be read from or written to.
WARNING: [RTGEN 206-101] Setting dangling out port 'mul1/A_we1' to 0.
WARNING: [RTGEN 206-101] Port 'mul1/A_d1' has no fanin or fanout and is left dangling.
               Please use C simulation to confirm this function argument can be read from or written to.
WARNING: [RTGEN 206-101] Setting dangling out port 'mul1/A_d1' to 0.
WARNING: [RTGEN 206-101] Port 'mul1/A_q1' has no fanin or fanout and is left dangling.
               Please use C simulation to confirm this function argument can be read from or written to.
INFO: [RTGEN 206-100] Finished creating RTL model for 'mul1'.
Command       create_rtl_model done; 0.225 sec.
INFO: [HLS 200-111]  Elapsed time: 0.39 seconds; current allocated memory: 76.455 MB.
Execute       source D:/HLS_Projects/Mul/solution4/.autopilot/db/mul1.rtl_wrap.cfg.tcl 
Execute       gen_rtl mul1 -istop -style xilinx -tracefl mytrace -tracefmt vcd -traceopt all -f -lang sc -o D:/HLS_Projects/Mul/solution4/syn/systemc/mul1 -synmodules mul1 
Execute       gen_rtl mul1 -istop -style xilinx -f -lang vhdl -o D:/HLS_Projects/Mul/solution4/syn/vhdl/mul1 
Execute       gen_rtl mul1 -istop -style xilinx -f -lang vlog -o D:/HLS_Projects/Mul/solution4/syn/verilog/mul1 
Execute       export_constraint_db -o D:/HLS_Projects/Mul/solution4/.autopilot/db/mul1.constraint.tcl -f -tool general 
Execute       report -model mul1 -o D:/HLS_Projects/Mul/solution4/.autopilot/db/mul1.design.xml -verbose -f -dv 
Execute       report -model mul1 -o D:/HLS_Projects/Mul/solution4/.autopilot/db/mul1.sdaccel.xml -verbose -f -sdaccel 
Execute       gen_tb_info mul1 -o D:/HLS_Projects/Mul/solution4/.autopilot/db/mul1 -p D:/HLS_Projects/Mul/solution4/.autopilot/db 
Execute       report -model mul1 -o D:/HLS_Projects/Mul/solution4/syn/report/mul1_csynth.rpt -f 
Execute       report -model mul1 -o D:/HLS_Projects/Mul/solution4/syn/report/mul1_csynth.xml -f -x 
Execute       report -model mul1 -o D:/HLS_Projects/Mul/solution4/.autopilot/db/mul1.verbose.rpt -verbose -f 
Command       report done; 0.151 sec.
Execute       db_write -model mul1 -o D:/HLS_Projects/Mul/solution4/.autopilot/db/mul1.adb -f 
Command       db_write done; 0.135 sec.
Execute       sc_get_clocks mul1 
Execute       sc_get_portdomain mul1 
INFO-FLOW: Model list for RTL component generation: mul1
INFO-FLOW: Handling components in module [mul1] ... 
Execute       source D:/HLS_Projects/Mul/solution4/.autopilot/db/mul1.compgen.tcl 
INFO-FLOW: Append model mul1
INFO-FLOW: Generating RTL model list ...
INFO-FLOW: All models in this session: mul1
INFO-FLOW: To file: write model mul1
INFO-FLOW: Finished generating RTL model list.


INFO-FLOW: RTL Generation done.
INFO-FLOW: CAS Generation done.
INFO-FLOW: CBC Generation done.
Execute       get_config_sdx -target 
Execute       source D:/HLS_Projects/Mul/solution4/.autopilot/db/global.setting.tcl 
Execute       source D:/Xilinx/Vivado/2018.2/common/technology/generic/autopilot/common.gen 
Execute         source D:/Xilinx/Vivado/2018.2/common/technology/generic/autopilot/APCoreGen.gen 
Execute       source D:/Xilinx/Vivado/2018.2/common/technology/generic/autopilot/op.gen 
Execute       source D:/Xilinx/Vivado/2018.2/common/technology/generic/autopilot/op_simcore.gen 
Execute       source D:/Xilinx/Vivado/2018.2/common/technology/generic/autopilot/interface.gen 
Execute       source D:/HLS_Projects/Mul/solution4/.autopilot/db/global.setting.tcl 
Execute       source D:/Xilinx/Vivado/2018.2/common/technology/xilinx/aartix7/aartix7.gen 
Execute         source D:/Xilinx/Vivado/2018.2/common/technology/xilinx/common/virtex.gen 
Execute           source D:/Xilinx/Vivado/2018.2/common/technology/xilinx/common/xilinx.gen 
Execute             source D:/Xilinx/Vivado/2018.2/common/technology/xilinx/interface/plb46.gen 
Execute             source D:/Xilinx/Vivado/2018.2/common/technology/xilinx/interface/fsl.gen 
Execute             source D:/Xilinx/Vivado/2018.2/common/technology/xilinx/interface/axi4.gen 
Execute             source D:/Xilinx/Vivado/2018.2/common/technology/xilinx/interface/nativeAXI4.gen 
Execute               source D:/Xilinx/Vivado/2018.2/common/technology/xilinx/interface/saxilite.gen 
Execute               source D:/Xilinx/Vivado/2018.2/common/technology/xilinx/interface/maxi.gen 
Execute             source D:/Xilinx/Vivado/2018.2/common/technology/xilinx/scripts/xilinxcoregen.gen 
Execute             source D:/Xilinx/Vivado/2018.2/common/technology/xilinx/interface/XilEDKCoreGen.gen 
Execute             source D:/Xilinx/Vivado/2018.2/common/technology/xilinx/ip/dds_compiler.gen 
Execute             source D:/Xilinx/Vivado/2018.2/common/technology/xilinx/ip/util.gen 
Execute             source D:/Xilinx/Vivado/2018.2/common/technology/xilinx/ip/xfft.gen 
Execute             source D:/Xilinx/Vivado/2018.2/common/technology/xilinx/ip/xfir.gen 
Command           ap_source done; 0.133 sec.
Execute           source D:/Xilinx/Vivado/2018.2/common/technology/xilinx/common/dsp48.gen 
Command         ap_source done; 0.136 sec.
Command       ap_source done; 0.137 sec.
Execute       source D:/Xilinx/Vivado/2018.2/common/technology/xilinx/aartix7/aartix7_fpv6.gen 
Execute         source D:/Xilinx/Vivado/2018.2/common/technology/xilinx/common/xilinx_fpv6.gen 
Execute       source D:/HLS_Projects/Mul/solution4/.autopilot/db/global.setting.tcl 
Execute       source D:/HLS_Projects/Mul/solution4/.autopilot/db/global.setting.tcl 
Execute       source D:/HLS_Projects/Mul/solution4/.autopilot/db/global.setting.tcl 
Execute       source D:/HLS_Projects/Mul/solution4/.autopilot/db/mul1.compgen.tcl 
Execute       get_config_sdx -target 
Execute       source D:/HLS_Projects/Mul/solution4/.autopilot/db/global.setting.tcl 
Execute       source D:/Xilinx/Vivado/2018.2/common/technology/generic/autopilot/common.gen 
Execute         source D:/Xilinx/Vivado/2018.2/common/technology/generic/autopilot/APCoreGen.gen 
Execute       source D:/Xilinx/Vivado/2018.2/common/technology/generic/autopilot/op.gen 
Execute       source D:/Xilinx/Vivado/2018.2/common/technology/generic/autopilot/op_simcore.gen 
Execute       source D:/Xilinx/Vivado/2018.2/common/technology/generic/autopilot/interface.gen 
Execute       source D:/HLS_Projects/Mul/solution4/.autopilot/db/global.setting.tcl 
Execute       source D:/Xilinx/Vivado/2018.2/common/technology/xilinx/aartix7/aartix7.gen 
Execute         source D:/Xilinx/Vivado/2018.2/common/technology/xilinx/common/virtex.gen 
Execute           source D:/Xilinx/Vivado/2018.2/common/technology/xilinx/common/xilinx.gen 
Execute             source D:/Xilinx/Vivado/2018.2/common/technology/xilinx/interface/plb46.gen 
Execute             source D:/Xilinx/Vivado/2018.2/common/technology/xilinx/interface/fsl.gen 
Execute             source D:/Xilinx/Vivado/2018.2/common/technology/xilinx/interface/axi4.gen 
Execute             source D:/Xilinx/Vivado/2018.2/common/technology/xilinx/interface/nativeAXI4.gen 
Execute               source D:/Xilinx/Vivado/2018.2/common/technology/xilinx/interface/saxilite.gen 
Execute               source D:/Xilinx/Vivado/2018.2/common/technology/xilinx/interface/maxi.gen 
Execute             source D:/Xilinx/Vivado/2018.2/common/technology/xilinx/scripts/xilinxcoregen.gen 
Execute             source D:/Xilinx/Vivado/2018.2/common/technology/xilinx/interface/XilEDKCoreGen.gen 
Execute             source D:/Xilinx/Vivado/2018.2/common/technology/xilinx/ip/dds_compiler.gen 
Execute             source D:/Xilinx/Vivado/2018.2/common/technology/xilinx/ip/util.gen 
Execute             source D:/Xilinx/Vivado/2018.2/common/technology/xilinx/ip/xfft.gen 
Execute             source D:/Xilinx/Vivado/2018.2/common/technology/xilinx/ip/xfir.gen 
Command           ap_source done; 0.122 sec.
Execute           source D:/Xilinx/Vivado/2018.2/common/technology/xilinx/common/dsp48.gen 
Command         ap_source done; 0.125 sec.
Command       ap_source done; 0.125 sec.
Execute       source D:/Xilinx/Vivado/2018.2/common/technology/xilinx/aartix7/aartix7_fpv6.gen 
Execute         source D:/Xilinx/Vivado/2018.2/common/technology/xilinx/common/xilinx_fpv6.gen 
Execute       source D:/HLS_Projects/Mul/solution4/.autopilot/db/mul1.rtl_wrap.cfg.tcl 
Execute       source D:/HLS_Projects/Mul/solution4/.autopilot/db/mul1.rtl_wrap.cfg.tcl 
Execute       source D:/HLS_Projects/Mul/solution4/.autopilot/db/mul1.rtl_wrap.cfg.tcl 
Execute       source D:/HLS_Projects/Mul/solution4/.autopilot/db/mul1.tbgen.tcl 
Execute       source D:/HLS_Projects/Mul/solution4/.autopilot/db/mul1.tbgen.tcl 
Execute       source D:/HLS_Projects/Mul/solution4/.autopilot/db/global.setting.tcl 
Execute       source D:/HLS_Projects/Mul/solution4/.autopilot/db/mul1.compgen.tcl 
Execute       source D:/HLS_Projects/Mul/solution4/.autopilot/db/global.setting.tcl 
Execute       source D:/HLS_Projects/Mul/solution4/.autopilot/db/mul1.compgen.tcl 
Execute         source D:/HLS_Projects/Mul/solution4/.autopilot/db/mul1.tbgen.tcl 
Execute         source D:/HLS_Projects/Mul/solution4/.autopilot/db/mul1.tbgen.tcl 
Execute         source D:/HLS_Projects/Mul/solution4/.autopilot/db/mul1.tbgen.tcl 
Command       ap_source done; 0.126 sec.
Execute       source D:/HLS_Projects/Mul/solution4/.autopilot/db/global.setting.tcl 
Execute       source D:/HLS_Projects/Mul/solution4/.autopilot/db/mul1.compgen.tcl 
Execute       source D:/HLS_Projects/Mul/solution4/.autopilot/db/global.setting.tcl 
Execute       source D:/HLS_Projects/Mul/solution4/.autopilot/db/mul1.constraint.tcl 
Execute       source D:/HLS_Projects/Mul/solution4/.autopilot/db/mul1.tbgen.tcl 
Execute       source D:/HLS_Projects/Mul/solution4/.autopilot/db/global.setting.tcl 
Execute       source D:/HLS_Projects/Mul/solution4/.autopilot/db/global.setting.tcl 
Execute       source D:/HLS_Projects/Mul/solution4/.autopilot/db/global.setting.tcl 
Execute       source D:/HLS_Projects/Mul/solution4/.autopilot/db/mul1.tbgen.tcl 
Execute       source D:/HLS_Projects/Mul/solution4/.autopilot/db/mul1.tbgen.tcl 
Execute       source D:/HLS_Projects/Mul/solution4/.autopilot/db/mul1.tbgen.tcl 
Execute       source D:/HLS_Projects/Mul/solution4/.autopilot/db/mul1.tbgen.tcl 
Execute       source D:/HLS_Projects/Mul/solution4/.autopilot/db/mul1.tbgen.tcl 
Execute       source D:/HLS_Projects/Mul/solution4/.autopilot/db/global.setting.tcl 
Execute       source D:/HLS_Projects/Mul/solution4/.autopilot/db/mul1.constraint.tcl 
Execute       sc_get_clocks mul1 
Execute       source D:/HLS_Projects/Mul/solution4/.autopilot/db/global.setting.tcl 
Execute       get_config_sdx -target 
Execute       get_config_sdx -profile 
Execute       ::config_rtl 
INFO: [HLS 200-111] Finished generating all RTL models Time (s): cpu = 00:00:03 ; elapsed = 00:00:11 . Memory (MB): peak = 125.664 ; gain = 69.859
INFO: [SYSC 207-301] Generating SystemC RTL for mul1.
INFO: [VHDL 208-304] Generating VHDL RTL for mul1.
INFO: [VLOG 209-307] Generating Verilog RTL for mul1.
Command     autosyn done; 3.62 sec.
Command   csynth_design done; 9.867 sec.
Command ap_source done; 10.274 sec.
Execute cleanup_all 
